<?xml version="1.0" encoding="UTF-8"?>
<!-- Generated by org.testng.reporters.JUnitReportReporter -->
<testsuite hostname="DESKTOP-BQO9Q1T" failures="0" tests="3" name="Runner.Scenario_runner" time="0.446" errors="0" timestamp="2024-05-27T10:48:46 IST" skipped="0">
  <testcase classname="Runner.Scenario_runner" name="runScenario" time="0.063"/>
  <system-out/>
  <testcase classname="Runner.Scenario_runner" name="runScenario" time="0.305"/>
  <system-out/>
  <testcase classname="Runner.Scenario_runner" name="runScenario" time="0.078"/>
  <system-out/>
</testsuite> <!-- Runner.Scenario_runner -->
