<?xml version="1.0" encoding="UTF-8"?>
<!-- Generated by org.testng.reporters.JUnitReportReporter -->
<testsuite hostname="DESKTOP-BQO9Q1T" failures="0" tests="3" name="Runner.order_runner" time="0.327" errors="0" timestamp="2024-05-27T10:36:50 IST" skipped="0">
  <testcase classname="Runner.order_runner" name="runScenario" time="0.036"/>
  <system-out/>
  <testcase classname="Runner.order_runner" name="runScenario" time="0.034"/>
  <system-out/>
  <testcase classname="Runner.order_runner" name="runScenario" time="0.257"/>
  <system-out/>
</testsuite> <!-- Runner.order_runner -->
