<?xml version="1.0" encoding="UTF-8"?>
<!-- Generated by org.testng.reporters.JUnitReportReporter -->
<testsuite hostname="DESKTOP-BQO9Q1T" failures="0" tests="1" name="Runner.appRunnerClass" time="0.267" errors="0" timestamp="2024-05-27T10:26:14 IST" skipped="0">
  <testcase classname="Runner.appRunnerClass" name="runScenario" time="0.267"/>
  <system-out/>
</testsuite> <!-- Runner.appRunnerClass -->
